<?xml version="1.0" encoding="UTF-8"?>
<!-- Generated by org.testng.reporters.JUnitXMLReporter -->
<testsuite ignored="0" hostname="DESKTOP-42DC3N1" failures="1" tests="1" name="ValidateTitle" time="4.372" errors="0" timestamp="2021-11-19T01:18:17 IST">
  <testcase classname="seleniumPractice.EndTOEndProject.ValidateTitle" name="basePageNavigation" time="0.059">
    <failure type="java.lang.AssertionError" message="expected [FEATURED COURSESsmdmcn] but found [FEATURED COURSES]">
      <![CDATA[java.lang.AssertionError: expected [FEATURED COURSESsmdmcn] but found [FEATURED COURSES]
at seleniumPractice.EndTOEndProject.ValidateTitle.basePageNavigation(ValidateTitle.java:36)
at java.base/java.util.ArrayList.forEach(ArrayList.java:1511)
... Removed 33 stack frames]]>
    </failure>
  </testcase> <!-- basePageNavigation -->
</testsuite> <!-- ValidateTitle -->
