<?xml version="1.0" encoding="UTF-8"?>
<!-- Generated by org.testng.reporters.JUnitXMLReporter -->
<testsuite hostname="DESKTOP-42DC3N1" ignored="0" name="Test" tests="4" failures="0" timestamp="2021-11-19T00:27:22 IST" time="30.007" errors="0">
  <testcase name="basePageNavigation" time="7.242" classname="seleniumPractice.EndTOEndProject.HomePage"/>
  <testcase name="basePageNavigation" time="4.697" classname="seleniumPractice.EndTOEndProject.HomePage"/>
  <testcase name="basePageNavigation" time="0.115" classname="seleniumPractice.EndTOEndProject.ValidateTitle"/>
  <testcase name="basePageNavigation" time="0.257" classname="seleniumPractice.EndTOEndProject.ValidateNavigationBar"/>
</testsuite> <!-- Test -->
