<?xml version="1.0" encoding="UTF-8"?>
<!-- Generated by org.testng.reporters.JUnitXMLReporter -->
<testsuite hostname="DESKTOP-42DC3N1" ignored="0" name="ValidateTitle" tests="2" failures="0" timestamp="2021-11-19T22:34:19 IST" time="5.766" errors="0">
  <testcase name="validationHeaderTitle" time="0.065" classname="seleniumPractice.EndTOEndProject.ValidateTitle"/>
  <testcase name="validationMoneyGuaranteeTitle" time="0.042" classname="seleniumPractice.EndTOEndProject.ValidateTitle"/>
</testsuite> <!-- ValidateTitle -->
